<?xml version="1.0" encoding="UTF-8"?>
<!-- Generated by org.testng.reporters.JUnitReportReporter -->
<testsuite skipped="0" hostname="DESKTOP-42HF2H5" name="TestRunner.TestRunner" tests="1" failures="0" timestamp="30 Jul 2019 22:18:23 GMT" time="81.135" errors="0">
  <testcase name="feature" time="81.135" classname="TestRunner.TestRunner"/>
</testsuite> <!-- TestRunner.TestRunner -->
