<?xml version="1.0" encoding="UTF-8"?>
<!-- Generated by org.testng.reporters.JUnitReportReporter -->
<testsuite skipped="0" hostname="DESKTOP-42HF2H5" name="com.msp.framework.testrunner.TestRunner" tests="1" failures="0" timestamp="31 Jul 2019 13:10:20 GMT" time="47.661" errors="0">
  <testcase name="feature" time="47.661" classname="com.msp.framework.testrunner.TestRunner"/>
</testsuite> <!-- com.msp.framework.testrunner.TestRunner -->
